[38;5;200mNEXT_Check power 2;
NEXT_Check power 3;
NEXT_Check power 4;
NEXT_Check power 5;
NEXT_Check power 6;
NEXT_Check power 7;
NEXT_Check power 8;
NEXT_Check power 9;
NEXT_Check power 10;
NEXT_Check power 11;
NEXT_Check power 12;
NEXT_Check power 13;
NEXT_Check power 14;
NEXT_Check power 15;
NEXT_Check power 16;
NEXT_Check power 17;
NEXT_Check power 18;
NEXT_Check power 19;
NEXT_Check power 20;
NEXT_Check power 21;
NEXT_Check power 22;
NEXT_Check power 23;
NEXT_Check power 24;
NEXT_Check power 25;
NEXT_Check power 26;
NEXT_Check power 27;
NEXT_Check power 28;
NEXT_Check power 29;
NEXT_Check power 30;
NEXT_Check power 31;
NEXT_Check power 32;
NEXT_Check power 33;
NEXT_Check power 34;
NEXT_Check power 35;
NEXT_Check power 36;
NEXT_Check power 37;
NEXT_Check power 38;
NEXT_Check power 39;
NEXT_Check power 40;
NEXT_Check power 41;
NEXT_Check power 42;
NEXT_Check power 43;
NEXT_Check power 44;
NEXT_Check power 45;
NEXT_Check power 46;
NEXT_Check power 47;
NEXT_Check power 48;
NEXT_Check power 49;
NEXT_Check power 50;
NEXT_Check power 51;
NEXT_Check power 52;
NEXT_Check power 53;
NEXT_Check power 54;
NEXT_Check power 55;
NEXT_Check power 56;
NEXT_Check power 57;
NEXT_Check power 58;
NEXT_Check power 59;
NEXT_Check power 60;
NEXT_Check power 61;
NEXT_Check power 62;
NEXT_Check power 63;
NEXT_Check power 64;
NEXT_Check power 65;
NEXT_Check power 66;
NEXT_Check power 67;
NEXT_Check power 68;
NEXT_Check power 69;
NEXT_Check power 70;
NEXT_Check power 71;
NEXT_Check power 72;
NEXT_Check power 73;
NEXT_Check power 74;
NEXT_Check power 75;
NEXT_Check power 76;
NEXT_Check power 77;
NEXT_Check power 78;
NEXT_Check power 79;
NEXT_Check power 80;
NEXT_Check power 81;
NEXT_Check power 82;
NEXT_Check power 83;
NEXT_Check power 84;
NEXT_Check power 85;
NEXT_Check power 86;
NEXT_Check power 87;
NEXT_Check power 88;
NEXT_Check power 89;
NEXT_Check power 90;
NEXT_Check power 91;
NEXT_Check power 92;
NEXT_Check power 93;
NEXT_Check power 94;
NEXT_Check power 95;
NEXT_Check power 96;
NEXT_Check power 97;
NEXT_Check power 98;
NEXT_Check power 99;
NEXT_Check power 100;
NEXT_Check power 101;
NEXT_Check power 102;
NEXT_Check power 103;
NEXT_Check power 104;
NEXT_Check power 105;
NEXT_Check power 106;
NEXT_Check power 107;
NEXT_Check power 108;
NEXT_Check power 109;
NEXT_Check power 110;
NEXT_Check power 111;
NEXT_Check power 112;
NEXT_Check power 113;
NEXT_Check power 114;
NEXT_Check power 115;
NEXT_Check power 116;
NEXT_Check power 117;
NEXT_Check power 118;
NEXT_Check power 119;
NEXT_Check power 120;
NEXT_Check power 121;
NEXT_Check power 122;
NEXT_Check power 123;
NEXT_Check power 124;
NEXT_Check power 125;
NEXT_Check power 126;
NEXT_Check power 127;
NEXT_Check power 128;
NEXT_Check power 129;
NEXT_Check power 130;
NEXT_Check power 131;
NEXT_Check power 132;
NEXT_Check power 133;
NEXT_Check power 134;
NEXT_Check power 135;
NEXT_Check power 136;
NEXT_Check power 137;
NEXT_Check power 138;
NEXT_Check power 139;
NEXT_Check power 140;
Straight found method
X = 140

Resulted MULTIPLY counted is 4963
[38;5;255m