[38;5;200m[38;5;40m+1 +0 methodik
[38;5;200mStep :: 1, i == 1, j == 0; Arg[0] == 122, Arg[1] == 245;
Step :: 2, i == 2, j == 0; Arg[0] == 122, Arg[1] == 61;
Step :: 3, i == 3, j == 0; Arg[0] == 122, Arg[1] == 217;
Step :: 4, i == 4, j == 0; Arg[0] == 122, Arg[1] == 39;
Step :: 5, i == 5, j == 0; Arg[0] == 122, Arg[1] == 87;
Step :: 6, i == 6, j == 0; Arg[0] == 122, Arg[1] == 12;
Step :: 7, i == 7, j == 0; Arg[0] == 122, Arg[1] == 47;
Step :: 8, i == 8, j == 0; Arg[0] == 122, Arg[1] == 206;
Step :: 9, i == 9, j == 0; Arg[0] == 122, Arg[1] == 237;
Step :: 10, i == 10, j == 0; Arg[0] == 122, Arg[1] == 205;
Step :: 11, i == 11, j == 0; Arg[0] == 122, Arg[1] == 255;
Step :: 12, i == 12, j == 0; Arg[0] == 122, Arg[1] == 144;
Step :: 13, i == 13, j == 0; Arg[0] == 122, Arg[1] == 38;
Step :: 14, i == 14, j == 0; Arg[0] == 122, Arg[1] == 105;
Step :: 15, i == 15, j == 0; Arg[0] == 122, Arg[1] == 214;
Step :: 16, i == 16, j == 0; Arg[0] == 122, Arg[1] == 93;
Step :: 17, i == 1, j == 1; Arg[0] == 170, Arg[1] == 245;
Step :: 18, i == 2, j == 1; Arg[0] == 170, Arg[1] == 61;
Step :: 19, i == 3, j == 1; Arg[0] == 170, Arg[1] == 217;
Step :: 20, i == 4, j == 1; Arg[0] == 170, Arg[1] == 39;
Step :: 21, i == 5, j == 1; Arg[0] == 170, Arg[1] == 87;
Step :: 22, i == 6, j == 1; Arg[0] == 170, Arg[1] == 12;
Step :: 23, i == 7, j == 1; Arg[0] == 170, Arg[1] == 47;
Step :: 24, i == 8, j == 1; Arg[0] == 170, Arg[1] == 206;
Step :: 25, i == 9, j == 1; Arg[0] == 170, Arg[1] == 237;
Step :: 26, i == 10, j == 1; Arg[0] == 170, Arg[1] == 205;
Step :: 27, i == 11, j == 1; Arg[0] == 170, Arg[1] == 255;
Step :: 28, i == 12, j == 1; Arg[0] == 170, Arg[1] == 144;
Step :: 29, i == 13, j == 1; Arg[0] == 170, Arg[1] == 38;
Step :: 30, i == 14, j == 1; Arg[0] == 170, Arg[1] == 105;
Step :: 31, i == 15, j == 1; Arg[0] == 170, Arg[1] == 214;
Step :: 32, i == 16, j == 1; Arg[0] == 170, Arg[1] == 93;
Step :: 33, i == 1, j == 2; Arg[0] == 17, Arg[1] == 245;
Step :: 34, i == 2, j == 2; Arg[0] == 17, Arg[1] == 61;
Step :: 35, i == 3, j == 2; Arg[0] == 17, Arg[1] == 217;
Step :: 36, i == 4, j == 2; Arg[0] == 17, Arg[1] == 39;
Step :: 37, i == 5, j == 2; Arg[0] == 17, Arg[1] == 87;
Step :: 38, i == 6, j == 2; Arg[0] == 17, Arg[1] == 12;
Step :: 39, i == 7, j == 2; Arg[0] == 17, Arg[1] == 47;
Step :: 40, i == 8, j == 2; Arg[0] == 17, Arg[1] == 206;
Step :: 41, i == 9, j == 2; Arg[0] == 17, Arg[1] == 237;
Step :: 42, i == 10, j == 2; Arg[0] == 17, Arg[1] == 205;
Step :: 43, i == 11, j == 2; Arg[0] == 17, Arg[1] == 255;
Step :: 44, i == 12, j == 2; Arg[0] == 17, Arg[1] == 144;
Step :: 45, i == 13, j == 2; Arg[0] == 17, Arg[1] == 38;
Step :: 46, i == 14, j == 2; Arg[0] == 17, Arg[1] == 105;
Step :: 47, i == 15, j == 2; Arg[0] == 17, Arg[1] == 214;
Step :: 48, i == 16, j == 2; Arg[0] == 17, Arg[1] == 93;
Step :: 49, i == 1, j == 3; Arg[0] == 28, Arg[1] == 245;
Step :: 50, i == 2, j == 3; Arg[0] == 28, Arg[1] == 61;
Step :: 51, i == 3, j == 3; Arg[0] == 28, Arg[1] == 217;
Step :: 52, i == 4, j == 3; Arg[0] == 28, Arg[1] == 39;
Step :: 53, i == 5, j == 3; Arg[0] == 28, Arg[1] == 87;
Step :: 54, i == 6, j == 3; Arg[0] == 28, Arg[1] == 12;
Step :: 55, i == 7, j == 3; Arg[0] == 28, Arg[1] == 47;
Step :: 56, i == 8, j == 3; Arg[0] == 28, Arg[1] == 206;
Step :: 57, i == 9, j == 3; Arg[0] == 28, Arg[1] == 237;
Step :: 58, i == 10, j == 3; Arg[0] == 28, Arg[1] == 205;
Step :: 59, i == 11, j == 3; Arg[0] == 28, Arg[1] == 255;
Step :: 60, i == 12, j == 3; Arg[0] == 28, Arg[1] == 144;
Step :: 61, i == 13, j == 3; Arg[0] == 28, Arg[1] == 38;
Step :: 62, i == 14, j == 3; Arg[0] == 28, Arg[1] == 105;
Step :: 63, i == 15, j == 3; Arg[0] == 28, Arg[1] == 214;
Step :: 64, i == 16, j == 3; Arg[0] == 28, Arg[1] == 93;
Step :: 65, i == 1, j == 4; Arg[0] == 108, Arg[1] == 245;
Step :: 66, i == 2, j == 4; Arg[0] == 108, Arg[1] == 61;
Step :: 67, i == 3, j == 4; Arg[0] == 108, Arg[1] == 217;
Step :: 68, i == 4, j == 4; Arg[0] == 108, Arg[1] == 39;
Step :: 69, i == 5, j == 4; Arg[0] == 108, Arg[1] == 87;
Step :: 70, i == 6, j == 4; Arg[0] == 108, Arg[1] == 12;
Step :: 71, i == 7, j == 4; Arg[0] == 108, Arg[1] == 47;
Step :: 72, i == 8, j == 4; Arg[0] == 108, Arg[1] == 206;
Step :: 73, i == 9, j == 4; Arg[0] == 108, Arg[1] == 237;
Step :: 74, i == 10, j == 4; Arg[0] == 108, Arg[1] == 205;
Step :: 75, i == 11, j == 4; Arg[0] == 108, Arg[1] == 255;
Step :: 76, i == 12, j == 4; Arg[0] == 108, Arg[1] == 144;
Step :: 77, i == 13, j == 4; Arg[0] == 108, Arg[1] == 38;
Step :: 78, i == 14, j == 4; Arg[0] == 108, Arg[1] == 105;
Step :: 79, i == 15, j == 4; Arg[0] == 108, Arg[1] == 214;
Step :: 80, i == 16, j == 4; Arg[0] == 108, Arg[1] == 93;
Step :: 81, i == 1, j == 5; Arg[0] == 116, Arg[1] == 245;
Step :: 82, i == 2, j == 5; Arg[0] == 116, Arg[1] == 61;
Step :: 83, i == 3, j == 5; Arg[0] == 116, Arg[1] == 217;
Step :: 84, i == 4, j == 5; Arg[0] == 116, Arg[1] == 39;
Step :: 85, i == 5, j == 5; Arg[0] == 116, Arg[1] == 87;
Step :: 86, i == 6, j == 5; Arg[0] == 116, Arg[1] == 12;
Step :: 87, i == 7, j == 5; Arg[0] == 116, Arg[1] == 47;
Step :: 88, i == 8, j == 5; Arg[0] == 116, Arg[1] == 206;
Step :: 89, i == 9, j == 5; Arg[0] == 116, Arg[1] == 237;
Step :: 90, i == 10, j == 5; Arg[0] == 116, Arg[1] == 205;
Step :: 91, i == 11, j == 5; Arg[0] == 116, Arg[1] == 255;
Step :: 92, i == 12, j == 5; Arg[0] == 116, Arg[1] == 144;
Step :: 93, i == 13, j == 5; Arg[0] == 116, Arg[1] == 38;
Step :: 94, i == 14, j == 5; Arg[0] == 116, Arg[1] == 105;
Step :: 95, i == 15, j == 5; Arg[0] == 116, Arg[1] == 214;
Step :: 96, i == 16, j == 5; Arg[0] == 116, Arg[1] == 93;
Step :: 97, i == 1, j == 6; Arg[0] == 222, Arg[1] == 245;
Step :: 98, i == 2, j == 6; Arg[0] == 222, Arg[1] == 61;
Step :: 99, i == 3, j == 6; Arg[0] == 222, Arg[1] == 217;
Step :: 100, i == 4, j == 6; Arg[0] == 222, Arg[1] == 39;
Step :: 101, i == 5, j == 6; Arg[0] == 222, Arg[1] == 87;
Step :: 102, i == 6, j == 6; Arg[0] == 222, Arg[1] == 12;
Step :: 103, i == 7, j == 6; Arg[0] == 222, Arg[1] == 47;
Step :: 104, i == 8, j == 6; Arg[0] == 222, Arg[1] == 206;
Step :: 105, i == 9, j == 6; Arg[0] == 222, Arg[1] == 237;
Step :: 106, i == 10, j == 6; Arg[0] == 222, Arg[1] == 205;
Step :: 107, i == 11, j == 6; Arg[0] == 222, Arg[1] == 255;
Step :: 108, i == 12, j == 6; Arg[0] == 222, Arg[1] == 144;
Step :: 109, i == 13, j == 6; Arg[0] == 222, Arg[1] == 38;
Step :: 110, i == 14, j == 6; Arg[0] == 222, Arg[1] == 105;
Step :: 111, i == 15, j == 6; Arg[0] == 222, Arg[1] == 214;
Step :: 112, i == 16, j == 6; Arg[0] == 222, Arg[1] == 93;
Step :: 113, i == 1, j == 7; Arg[0] == 180, Arg[1] == 245;
Step :: 114, i == 2, j == 7; Arg[0] == 180, Arg[1] == 61;
Step :: 115, i == 3, j == 7; Arg[0] == 180, Arg[1] == 217;
Step :: 116, i == 4, j == 7; Arg[0] == 180, Arg[1] == 39;
Step :: 117, i == 5, j == 7; Arg[0] == 180, Arg[1] == 87;
Step :: 118, i == 6, j == 7; Arg[0] == 180, Arg[1] == 12;
Step :: 119, i == 7, j == 7; Arg[0] == 180, Arg[1] == 47;
Step :: 120, i == 8, j == 7; Arg[0] == 180, Arg[1] == 206;
Step :: 121, i == 9, j == 7; Arg[0] == 180, Arg[1] == 237;
Step :: 122, i == 10, j == 7; Arg[0] == 180, Arg[1] == 205;
Step :: 123, i == 11, j == 7; Arg[0] == 180, Arg[1] == 255;
Step :: 124, i == 12, j == 7; Arg[0] == 180, Arg[1] == 144;
Step :: 125, i == 13, j == 7; Arg[0] == 180, Arg[1] == 38;
Step :: 126, i == 14, j == 7; Arg[0] == 180, Arg[1] == 105;
Step :: 127, i == 15, j == 7; Arg[0] == 180, Arg[1] == 214;
Step :: 128, i == 16, j == 7; Arg[0] == 180, Arg[1] == 93;
Step :: 129, i == 1, j == 8; Arg[0] == 18, Arg[1] == 245;
Step :: 130, i == 2, j == 8; Arg[0] == 18, Arg[1] == 61;
Step :: 131, i == 3, j == 8; Arg[0] == 18, Arg[1] == 217;
Step :: 132, i == 4, j == 8; Arg[0] == 18, Arg[1] == 39;
Step :: 133, i == 5, j == 8; Arg[0] == 18, Arg[1] == 87;
Step :: 134, i == 6, j == 8; Arg[0] == 18, Arg[1] == 12;
Step :: 135, i == 7, j == 8; Arg[0] == 18, Arg[1] == 47;
Step :: 136, i == 8, j == 8; Arg[0] == 18, Arg[1] == 206;
Step :: 137, i == 9, j == 8; Arg[0] == 18, Arg[1] == 237;
Step :: 138, i == 10, j == 8; Arg[0] == 18, Arg[1] == 205;
Step :: 139, i == 11, j == 8; Arg[0] == 18, Arg[1] == 255;
Step :: 140, i == 12, j == 8; Arg[0] == 18, Arg[1] == 144;
Step :: 141, i == 13, j == 8; Arg[0] == 18, Arg[1] == 38;
Step :: 142, i == 14, j == 8; Arg[0] == 18, Arg[1] == 105;
Step :: 143, i == 15, j == 8; Arg[0] == 18, Arg[1] == 214;
Step :: 144, i == 16, j == 8; Arg[0] == 18, Arg[1] == 93;
Step :: 145, i == 1, j == 9; Arg[0] == 107, Arg[1] == 245;
Step :: 146, i == 2, j == 9; Arg[0] == 107, Arg[1] == 61;
Step :: 147, i == 3, j == 9; Arg[0] == 107, Arg[1] == 217;
Step :: 148, i == 4, j == 9; Arg[0] == 107, Arg[1] == 39;
Step :: 149, i == 5, j == 9; Arg[0] == 107, Arg[1] == 87;
Step :: 150, i == 6, j == 9; Arg[0] == 107, Arg[1] == 12;
Step :: 151, i == 7, j == 9; Arg[0] == 107, Arg[1] == 47;
Step :: 152, i == 8, j == 9; Arg[0] == 107, Arg[1] == 206;
Step :: 153, i == 9, j == 9; Arg[0] == 107, Arg[1] == 237;
Step :: 154, i == 10, j == 9; Arg[0] == 107, Arg[1] == 205;
Step :: 155, i == 11, j == 9; Arg[0] == 107, Arg[1] == 255;
Step :: 156, i == 12, j == 9; Arg[0] == 107, Arg[1] == 144;
Step :: 157, i == 13, j == 9; Arg[0] == 107, Arg[1] == 38;
Step :: 158, i == 14, j == 9; Arg[0] == 107, Arg[1] == 105;
Step :: 159, i == 15, j == 9; Arg[0] == 107, Arg[1] == 214;
Step :: 160, i == 16, j == 9; Arg[0] == 107, Arg[1] == 93;
Step :: 161, i == 1, j == 10; Arg[0] == 37, Arg[1] == 245;
Step :: 162, i == 2, j == 10; Arg[0] == 37, Arg[1] == 61;
Step :: 163, i == 3, j == 10; Arg[0] == 37, Arg[1] == 217;
Step :: 164, i == 4, j == 10; Arg[0] == 37, Arg[1] == 39;
Step :: 165, i == 5, j == 10; Arg[0] == 37, Arg[1] == 87;
Step :: 166, i == 6, j == 10; Arg[0] == 37, Arg[1] == 12;
Step :: 167, i == 7, j == 10; Arg[0] == 37, Arg[1] == 47;
Step :: 168, i == 8, j == 10; Arg[0] == 37, Arg[1] == 206;
Step :: 169, i == 9, j == 10; Arg[0] == 37, Arg[1] == 237;
Step :: 170, i == 10, j == 10; Arg[0] == 37, Arg[1] == 205;
Step :: 171, i == 11, j == 10; Arg[0] == 37, Arg[1] == 255;
Step :: 172, i == 12, j == 10; Arg[0] == 37, Arg[1] == 144;
Step :: 173, i == 13, j == 10; Arg[0] == 37, Arg[1] == 38;
Step :: 174, i == 14, j == 10; Arg[0] == 37, Arg[1] == 105;
Step :: 175, i == 15, j == 10; Arg[0] == 37, Arg[1] == 214;
Step :: 176, i == 16, j == 10; Arg[0] == 37, Arg[1] == 93;
Step :: 177, i == 1, j == 11; Arg[0] == 30, Arg[1] == 245;
Step :: 178, i == 2, j == 11; Arg[0] == 30, Arg[1] == 61;
Step :: 179, i == 3, j == 11; Arg[0] == 30, Arg[1] == 217;
Step :: 180, i == 4, j == 11; Arg[0] == 30, Arg[1] == 39;
Step :: 181, i == 5, j == 11; Arg[0] == 30, Arg[1] == 87;
Step :: 182, i == 6, j == 11; Arg[0] == 30, Arg[1] == 12;
Step :: 183, i == 7, j == 11; Arg[0] == 30, Arg[1] == 47;
Step :: 184, i == 8, j == 11; Arg[0] == 30, Arg[1] == 206;
Step :: 185, i == 9, j == 11; Arg[0] == 30, Arg[1] == 237;
Step :: 186, i == 10, j == 11; Arg[0] == 30, Arg[1] == 205;
Step :: 187, i == 11, j == 11; Arg[0] == 30, Arg[1] == 255;
Step :: 188, i == 12, j == 11; Arg[0] == 30, Arg[1] == 144;
Step :: 189, i == 13, j == 11; Arg[0] == 30, Arg[1] == 38;
Step :: 190, i == 14, j == 11; Arg[0] == 30, Arg[1] == 105;
Step :: 191, i == 15, j == 11; Arg[0] == 30, Arg[1] == 214;
Step :: 192, i == 16, j == 11; Arg[0] == 30, Arg[1] == 93;
Step :: 193, i == 1, j == 12; Arg[0] == 3, Arg[1] == 245;
Step :: 194, i == 2, j == 12; Arg[0] == 3, Arg[1] == 61;
Step :: 195, i == 3, j == 12; Arg[0] == 3, Arg[1] == 217;
Step :: 196, i == 4, j == 12; Arg[0] == 3, Arg[1] == 39;
Step :: 197, i == 5, j == 12; Arg[0] == 3, Arg[1] == 87;
Step :: 198, i == 6, j == 12; Arg[0] == 3, Arg[1] == 12;
Step :: 199, i == 7, j == 12; Arg[0] == 3, Arg[1] == 47;
Step :: 200, i == 8, j == 12; Arg[0] == 3, Arg[1] == 206;
Step :: 201, i == 9, j == 12; Arg[0] == 3, Arg[1] == 237;
Step :: 202, i == 10, j == 12; Arg[0] == 3, Arg[1] == 205;
Step :: 203, i == 11, j == 12; Arg[0] == 3, Arg[1] == 255;
Step :: 204, i == 12, j == 12; Arg[0] == 3, Arg[1] == 144;
Step :: 205, i == 13, j == 12; Arg[0] == 3, Arg[1] == 38;
Step :: 206, i == 14, j == 12; Arg[0] == 3, Arg[1] == 105;
Step :: 207, i == 15, j == 12; Arg[0] == 3, Arg[1] == 214;
Step :: 208, i == 16, j == 12; Arg[0] == 3, Arg[1] == 93;
Step :: 209, i == 1, j == 13; Arg[0] == 237, Arg[1] == 245;
Step :: 210, i == 2, j == 13; Arg[0] == 237, Arg[1] == 61;
Step :: 211, i == 3, j == 13; Arg[0] == 237, Arg[1] == 217;
Step :: 212, i == 4, j == 13; Arg[0] == 237, Arg[1] == 39;
Step :: 213, i == 5, j == 13; Arg[0] == 237, Arg[1] == 87;
Step :: 214, i == 6, j == 13; Arg[0] == 237, Arg[1] == 12;
Step :: 215, i == 7, j == 13; Arg[0] == 237, Arg[1] == 47;
Step :: 216, i == 8, j == 13; Arg[0] == 237, Arg[1] == 206;
Step :: 217, i == 9, j == 13; Arg[0] == 237, Arg[1] == 237;
MOD_BASE == 263 :: SQRT(Low) == 16
Method Giant Method Toddler (Shanks Method) ::
IT WAS :: m == 17, k == 16
X = i * m - j = 9 * 17 - 13 = 140

Resulted MULTIPLY counted is 29477
[38;5;255m