Bmfy nk n ytqi dtz ymfy gjsjfym rd rfnq tk hmfns
Ymjwj qnjx st xpns st mjfwy stw jajs xufhj gjybjjs
Zsijw rd mjqr ymjwj nx st kfhj tw qnansl gwfns
Ymnx jruynsjxx jsxzwjx ymfy n bnqq kjjq stymnsl
St ijxnwj ktw ujyyd ymnslx
N bnqq sty ijsd mjw ymj mjfi tk pnslx

N xjj dtz rtansl bnym ijyjhy qnkj
N pstb dtz hfs'y kjjq rj
Uwfdnsl ktw utbjwx tk ymj snlmy jdj
N xyfsi gjktwj dtz yt xjj

Rd gjnsl nx sty rtwyfq 
Rd gqtti qzxy pstbx st qnrnyx 
Hfrj mjwj ymwtzlm kzyzwj utwyfqx
Yt gzws Jfwym fsi fqq bnymns ny

St ijxnwj ktw ujyyd ymnslx
Rd tsqd frgnynts nx mjfix tk pnslx

N xjj dtz rtansl bnym ijyjhy qnkj
N pstb dtz hfs'y kjjq rj
Uwfdnsl ktw utbjwx tk ymj snlmy jdj
N xyfsi gjktwj dtz yt xjj
