VOCABULAR MODE :: ENABLED!

Found 2 words:
no, not, 
KEY == -25 ::
Cngz ol o zurj eua zngz hktkgzn se sgor ul ingot
Znkxk roky tu yqot tu nkgxz tux kbkt yvgik hkzckkt
Atjkx se nkrs znkxk oy tu lgik ux robotm hxgot
Znoy ksvzotkyy ktyaxky zngz o corr lkkr tuznotm
Tu jkyoxk lux vkzze znotmy
O corr tuz jkte nkx znk nkgj ul qotmy

O ykk eua subotm cozn jkzkiz rolk
O qtuc eua igt'z lkkr sk
Vxgeotm lux vuckxy ul znk tomnz kek
O yzgtj hkluxk eua zu ykk

Se hkotm oy tuz suxzgr 
Se hruuj rayz qtucy tu rosozy 
Igsk nkxk znxuamn lazaxk vuxzgry
Zu haxt Kgxzn gtj grr coznot oz

Tu jkyoxk lux vkzze znotmy
Se utre gshozout oy nkgjy ul qotmy

O ykk eua subotm cozn jkzkiz rolk
O qtuc eua igt'z lkkr sk
Vxgeotm lux vuckxy ul znk tomnz kek
O yzgtj hkluxk eua zu ykk


Found 1 words:
no, 
KEY == -24 ::
Doha pm p avsk fvb aoha ilulhao tf thps vm johpu
Aolyl splz uv zrpu uv olhya uvy lclu zwhjl iladllu
Bukly tf olst aolyl pz uv mhjl vy spcpun iyhpu
Aopz ltwapulzz luzbylz aoha p dpss mlls uvaopun
Uv klzpyl mvy wlaaf aopunz
P dpss uva kluf oly aol olhk vm rpunz

P zll fvb tvcpun dpao klalja spml
P ruvd fvb jhu'a mlls tl
Wyhfpun mvy wvdlyz vm aol upnoa lfl
P zahuk ilmvyl fvb av zll

Tf ilpun pz uva tvyahs 
Tf isvvk sbza ruvdz uv sptpaz 
Jhtl olyl aoyvbno mbabyl wvyahsz
Av ibyu Lhyao huk hss dpaopu pa

Uv klzpyl mvy wlaaf aopunz
Tf vusf htipapvu pz olhkz vm rpunz

P zll fvb tvcpun dpao klalja spml
P ruvd fvb jhu'a mlls tl
Wyhfpun mvy wvdlyz vm aol upnoa lfl
P zahuk ilmvyl fvb av zll


Found 1 words:
no, 
KEY == -22 ::
Fqjc ro r cxum hxd cqjc knwnjcq vh vjru xo lqjrw
Cqnan urnb wx btrw wx qnjac wxa nenw byjln kncfnnw
Dwmna vh qnuv cqnan rb wx ojln xa urerwp kajrw
Cqrb nvycrwnbb nwbdanb cqjc r fruu onnu wxcqrwp
Wx mnbran oxa yncch cqrwpb
R fruu wxc mnwh qna cqn qnjm xo trwpb

R bnn hxd vxerwp frcq mncnlc uron
R twxf hxd ljw'c onnu vn
Yajhrwp oxa yxfnab xo cqn wrpqc nhn
R bcjwm knoxan hxd cx bnn

Vh knrwp rb wxc vxacju 
Vh kuxxm udbc twxfb wx urvrcb 
Ljvn qnan cqaxdpq odcdan yxacjub
Cx kdaw Njacq jwm juu frcqrw rc

Wx mnbran oxa yncch cqrwpb
Vh xwuh jvkrcrxw rb qnjmb xo trwpb

R bnn hxd vxerwp frcq mncnlc uron
R twxf hxd ljw'c onnu vn
Yajhrwp oxa yxfnab xo cqn wrpqc nhn
R bcjwm knoxan hxd cx bnn


Found 2 words:
no, of, 
KEY == -21 ::
Grkd sp s dyvn iye drkd loxokdr wi wksv yp mrksx
Drobo vsoc xy cusx xy rokbd xyb ofox czkmo lodgoox
Exnob wi rovw drobo sc xy pkmo yb vsfsxq lbksx
Drsc owzdsxocc oxceboc drkd s gsvv poov xydrsxq
Xy nocsbo pyb zoddi drsxqc
S gsvv xyd noxi rob dro rokn yp usxqc

S coo iye wyfsxq gsdr nodomd vspo
S uxyg iye mkx'd poov wo
Zbkisxq pyb zygobc yp dro xsqrd oio
S cdkxn lopybo iye dy coo

Wi losxq sc xyd wybdkv 
Wi lvyyn vecd uxygc xy vswsdc 
Mkwo robo drbyeqr pedebo zybdkvc
Dy lebx Okbdr kxn kvv gsdrsx sd

Xy nocsbo pyb zoddi drsxqc
Wi yxvi kwlsdsyx sc roknc yp usxqc

S coo iye wyfsxq gsdr nodomd vspo
S uxyg iye mkx'd poov wo
Zbkisxq pyb zygobc yp dro xsqrd oio
S cdkxn lopybo iye dy coo


Found 1 words:
of, 
KEY == -19 ::
Itmf ur u faxp kag ftmf nqzqmft yk ymux ar otmuz
Ftqdq xuqe za ewuz za tqmdf zad qhqz ebmoq nqfiqqz
Gzpqd yk tqxy ftqdq ue za rmoq ad xuhuzs ndmuz
Ftue qybfuzqee qzegdqe ftmf u iuxx rqqx zaftuzs
Za pqeudq rad bqffk ftuzse
U iuxx zaf pqzk tqd ftq tqmp ar wuzse

U eqq kag yahuzs iuft pqfqof xurq
U wzai kag omz'f rqqx yq
Bdmkuzs rad baiqde ar ftq zustf qkq
U efmzp nqradq kag fa eqq

Yk nquzs ue zaf yadfmx 
Yk nxaap xgef wzaie za xuyufe 
Omyq tqdq ftdagst rgfgdq badfmxe
Fa ngdz Qmdft mzp mxx iuftuz uf

Za pqeudq rad bqffk ftuzse
Yk azxk mynufuaz ue tqmpe ar wuzse

U eqq kag yahuzs iuft pqfqof xurq
U wzai kag omz'f rqqx yq
Bdmkuzs rad baiqde ar ftq zustf qkq
U efmzp nqradq kag fa eqq


Found 1 words:
of, 
KEY == -17 ::
Kvoh wt w hczr mci hvoh psbsohv am aowz ct qvowb
Hvsfs zwsg bc gywb bc vsofh bcf sjsb gdoqs pshkssb
Ibrsf am vsza hvsfs wg bc toqs cf zwjwbu pfowb
Hvwg sadhwbsgg sbgifsg hvoh w kwzz tssz bchvwbu
Bc rsgwfs tcf dshhm hvwbug
W kwzz bch rsbm vsf hvs vsor ct ywbug

W gss mci acjwbu kwhv rshsqh zwts
W ybck mci qob'h tssz as
Dfomwbu tcf dcksfg ct hvs bwuvh sms
W ghobr pstcfs mci hc gss

Am pswbu wg bch acfhoz 
Am pzccr zigh ybckg bc zwawhg 
Qoas vsfs hvfciuv tihifs dcfhozg
Hc pifb Sofhv obr ozz kwhvwb wh

Bc rsgwfs tcf dshhm hvwbug
Am cbzm oapwhwcb wg vsorg ct ywbug

W gss mci acjwbu kwhv rshsqh zwts
W ybck mci qob'h tssz as
Dfomwbu tcf dcksfg ct hvs bwuvh sms
W ghobr pstcfs mci hc gss


Found 1 words:
no, 
KEY == -11 ::
Qbun cz c nifx sio nbun vyhyunb gs gucf iz wbuch
Nbyly fcym hi mech hi byuln hil ypyh mjuwy vynqyyh
Ohxyl gs byfg nbyly cm hi zuwy il fcpcha vluch
Nbcm ygjnchymm yhmolym nbun c qcff zyyf hinbcha
Hi xymcly zil jynns nbcham
C qcff hin xyhs byl nby byux iz echam

C myy sio gipcha qcnb xynywn fczy
C ehiq sio wuh'n zyyf gy
Jluscha zil jiqylm iz nby hcabn ysy
C mnuhx vyzily sio ni myy

Gs vycha cm hin gilnuf 
Gs vfiix fomn ehiqm hi fcgcnm 
Wugy byly nblioab zonoly jilnufm
Ni volh Yulnb uhx uff qcnbch cn

Hi xymcly zil jynns nbcham
Gs ihfs ugvcncih cm byuxm iz echam

C myy sio gipcha qcnb xynywn fczy
C ehiq sio wuh'n zyyf gy
Jluscha zil jiqylm iz nby hcabn ysy
C mnuhx vyzily sio ni myy


Found 1 words:
no, 
KEY == -10 ::
Rcvo da d ojgy tjp ocvo wzizvoc ht hvdg ja xcvdi
Oczmz gdzn ij nfdi ij czvmo ijm zqzi nkvxz wzorzzi
Piyzm ht czgh oczmz dn ij avxz jm gdqdib wmvdi
Ocdn zhkodiznn zinpmzn ocvo d rdgg azzg ijocdib
Ij yzndmz ajm kzoot ocdibn
D rdgg ijo yzit czm ocz czvy ja fdibn

D nzz tjp hjqdib rdoc yzozxo gdaz
D fijr tjp xvi'o azzg hz
Kmvtdib ajm kjrzmn ja ocz idbco ztz
D noviy wzajmz tjp oj nzz

Ht wzdib dn ijo hjmovg 
Ht wgjjy gpno fijrn ij gdhdon 
Xvhz czmz ocmjpbc apopmz kjmovgn
Oj wpmi Zvmoc viy vgg rdocdi do

Ij yzndmz ajm kzoot ocdibn
Ht jigt vhwdodji dn czvyn ja fdibn

D nzz tjp hjqdib rdoc yzozxo gdaz
D fijr tjp xvi'o azzg hz
Kmvtdib ajm kjrzmn ja ocz idbco ztz
D noviy wzajmz tjp oj nzz


Found 1 words:
no, 
KEY == -9 ::
Sdwp eb e pkhz ukq pdwp xajawpd iu iweh kb ydwej
Pdana heao jk ogej jk dawnp jkn araj olwya xapsaaj
Qjzan iu dahi pdana eo jk bwya kn herejc xnwej
Pdeo ailpejaoo ajoqnao pdwp e sehh baah jkpdejc
Jk zaoena bkn lappu pdejco
E sehh jkp zaju dan pda dawz kb gejco

E oaa ukq ikrejc sepd zapayp heba
E gjks ukq ywj'p baah ia
Lnwuejc bkn lksano kb pda jecdp aua
E opwjz xabkna ukq pk oaa

Iu xaejc eo jkp iknpwh 
Iu xhkkz hqop gjkso jk heiepo 
Ywia dana pdnkqcd bqpqna lknpwho
Pk xqnj Awnpd wjz whh sepdej ep

Jk zaoena bkn lappu pdejco
Iu kjhu wixepekj eo dawzo kb gejco

E oaa ukq ikrejc sepd zapayp heba
E gjks ukq ywj'p baah ia
Lnwuejc bkn lksano kb pda jecdp aua
E opwjz xabkna ukq pk oaa


Found 7 words:
you, that, no, not, of, the, all, 
KEY == -5 ::
What if i told you that beneath my mail of chain
There lies no skin no heart nor even space between
Under my helm there is no face or living brain
This emptiness ensures that i will feel nothing
No desire for petty things
I will not deny her the head of kings

I see you moving with detect life
I know you can't feel me
Praying for powers of the night eye
I stand before you to see

My being is not mortal 
My blood lust knows no limits 
Came here through future portals
To burn Earth and all within it

No desire for petty things
My only ambition is heads of kings

I see you moving with detect life
I know you can't feel me
Praying for powers of the night eye
I stand before you to see


Found 1 words:
of, 
KEY == -4 ::
Xibu jg j upme zpv uibu cfofbui nz nbjm pg dibjo
Uifsf mjft op tljo op ifbsu ops fwfo tqbdf cfuxffo
Voefs nz ifmn uifsf jt op gbdf ps mjwjoh csbjo
Uijt fnqujoftt fotvsft uibu j xjmm gffm opuijoh
Op eftjsf gps qfuuz uijoht
J xjmm opu efoz ifs uif ifbe pg ljoht

J tff zpv npwjoh xjui efufdu mjgf
J lopx zpv dbo'u gffm nf
Qsbzjoh gps qpxfst pg uif ojhiu fzf
J tuboe cfgpsf zpv up tff

Nz cfjoh jt opu npsubm 
Nz cmppe mvtu lopxt op mjnjut 
Dbnf ifsf uispvhi gvuvsf qpsubmt
Up cvso Fbsui boe bmm xjuijo ju

Op eftjsf gps qfuuz uijoht
Nz pomz bncjujpo jt ifbet pg ljoht

J tff zpv npwjoh xjui efufdu mjgf
J lopx zpv dbo'u gffm nf
Qsbzjoh gps qpxfst pg uif ojhiu fzf
J tuboe cfgpsf zpv up tff


Found 1 words:
no, 
KEY == -3 ::
Yjcv kh k vqnf aqw vjcv dgpgcvj oa ockn qh ejckp
Vjgtg nkgu pq umkp pq jgctv pqt gxgp urceg dgvyggp
Wpfgt oa jgno vjgtg ku pq hceg qt nkxkpi dtckp
Vjku gorvkpguu gpuwtgu vjcv k yknn hggn pqvjkpi
Pq fguktg hqt rgvva vjkpiu
K yknn pqv fgpa jgt vjg jgcf qh mkpiu

K ugg aqw oqxkpi ykvj fgvgev nkhg
K mpqy aqw ecp'v hggn og
Rtcakpi hqt rqygtu qh vjg pkijv gag
K uvcpf dghqtg aqw vq ugg

Oa dgkpi ku pqv oqtvcn 
Oa dnqqf nwuv mpqyu pq nkokvu 
Ecog jgtg vjtqwij hwvwtg rqtvcnu
Vq dwtp Gctvj cpf cnn ykvjkp kv

Pq fguktg hqt rgvva vjkpiu
Oa qpna codkvkqp ku jgcfu qh mkpiu

K ugg aqw oqxkpi ykvj fgvgev nkhg
K mpqy aqw ecp'v hggn og
Rtcakpi hqt rqygtu qh vjg pkijv gag
K uvcpf dghqtg aqw vq ugg


