Jung vs v gbyq lbh gung orarngu zl znvy bs punva
Gurer yvrf ab fxva ab urneg abe rira fcnpr orgjrra
Haqre zl uryz gurer vf ab snpr be yvivat oenva
Guvf rzcgvarff rafherf gung v jvyy srry abguvat
Ab qrfver sbe crggl guvatf
V jvyy abg qral ure gur urnq bs xvatf

V frr lbh zbivat jvgu qrgrpg yvsr
V xabj lbh pna'g srry zr
Cenlvat sbe cbjref bs gur avtug rlr
V fgnaq orsber lbh gb frr

Zl orvat vf abg zbegny 
Zl oybbq yhfg xabjf ab yvzvgf 
Pnzr urer guebhtu shgher cbegnyf
Gb ohea Rnegu naq nyy jvguva vg

Ab qrfver sbe crggl guvatf
Zl bayl nzovgvba vf urnqf bs xvatf

V frr lbh zbivat jvgu qrgrpg yvsr
V xabj lbh pna'g srry zr
Cenlvat sbe cbjref bs gur avtug rlr
V fgnaq orsber lbh gb frr
