Hsle tq t ezwo jzf esle mpyples xj xltw zq nslty
Espcp wtpd yz dvty yz splce yzc pgpy dalnp mpehppy
Fyopc xj spwx espcp td yz qlnp zc wtgtyr mclty
Estd pxaetypdd pydfcpd esle t htww qppw yzestyr
Yz opdtcp qzc apeej estyrd
T htww yze opyj spc esp splo zq vtyrd

T dpp jzf xzgtyr htes opepne wtqp
T vyzh jzf nly'e qppw xp
Acljtyr qzc azhpcd zq esp ytrse pjp
T delyo mpqzcp jzf ez dpp

Xj mptyr td yze xzcelw 
Xj mwzzo wfde vyzhd yz wtxted 
Nlxp spcp esczfrs qfefcp azcelwd
Ez mfcy Plces lyo lww htesty te

Yz opdtcp qzc apeej estyrd
Xj zywj lxmtetzy td splod zq vtyrd

T dpp jzf xzgtyr htes opepne wtqp
T vyzh jzf nly'e qppw xp
Acljtyr qzc azhpcd zq esp ytrse pjp
T delyo mpqzcp jzf ez dpp
